{
  "RSpec": {
    "coverage": {
      "/Users/RuthE/MakersAcademy/challenges/Airport/lib/aeroplane.rb": [
        1,
        null,
        1,
        null,
        1,
        4,
        null,
        null,
        1,
        3,
        3,
        null,
        null,
        1,
        2,
        2,
        null,
        null,
        null
      ],
      "/Users/RuthE/MakersAcademy/challenges/Airport/lib/airport.rb": [
        1,
        null,
        1,
        null,
        1,
        null,
        1,
        null,
        1,
        null,
        1,
        0,
        null,
        null,
        1,
        13,
        null,
        null,
        1,
        8,
        null,
        null,
        1,
        5,
        4,
        3,
        null,
        null,
        1,
        2,
        1,
        null,
        null,
        1,
        7,
        null,
        null,
        1,
        1,
        null,
        null,
        1,
        1,
        null,
        null,
        1,
        1,
        null,
        null
      ],
      "/Users/RuthE/MakersAcademy/challenges/Airport/lib/weather.rb": [
        1,
        null,
        1,
        0,
        null,
        null,
        1,
        0,
        null,
        null
      ]
    },
    "timestamp": 1414965140
  }
}
